(1500, 1500) data/mass_buildings/train/map/22678945_15.tif
(1500, 1500) data/mass_buildings/train/map/23278960_15.tif
(1500, 1500) data/mass_buildings/train/map/23129155_15.tif
(1500, 1500) data/mass_buildings/train/map/23578990_15.tif
(1500, 1500) data/mass_buildings/train/map/23129005_15.tif
(1500, 1500) data/mass_buildings/train/map/23429095_15.tif
(1500, 1500) data/mass_buildings/train/map/22978870_15.tif
(1500, 1500) data/mass_buildings/train/map/24179050_15.tif
(1500, 1500) data/mass_buildings/train/map/23728990_15.tif
(1500, 1500) data/mass_buildings/train/map/22829005_15.tif
(1500, 1500) data/mass_buildings/train/map/23428990_15.tif
(1500, 1500) data/mass_buildings/train/map/23278885_15.tif
(1500, 1500) data/mass_buildings/train/map/23429050_15.tif
(1500, 1500) data/mass_buildings/train/map/23428960_15.tif
(1500, 1500) data/mass_buildings/train/map/23129140_15.tif
(1500, 1500) data/mass_buildings/train/map/23879110_15.tif
(1500, 1500) data/mass_buildings/train/map/22979065_15.tif
(1500, 1500) data/mass_buildings/train/map/22828960_15.tif
(1500, 1500) data/mass_buildings/train/map/24479005_15.tif
(1500, 1500) data/mass_buildings/train/map/24179020_15.tif
(1500, 1500) data/mass_buildings/train/map/23579020_15.tif
(1500, 1500) data/mass_buildings/train/map/24179035_15.tif
(1500, 1500) data/mass_buildings/train/map/23129170_15.tif
(1500, 1500) data/mass_buildings/train/map/22979020_15.tif
(1500, 1500) data/mass_buildings/train/map/23579035_15.tif
(1500, 1500) data/mass_buildings/train/map/23128870_15.tif
(1500, 1500) data/mass_buildings/train/map/23729095_15.tif
(1500, 1500) data/mass_buildings/train/map/23579095_15.tif
(1500, 1500) data/mass_buildings/train/map/23429125_15.tif
(1500, 1500) data/mass_buildings/train/map/24478870_15.tif
(1500, 1500) data/mass_buildings/train/map/23428915_15.tif
(1500, 1500) data/mass_buildings/train/map/23879035_15.tif
(1500, 1500) data/mass_buildings/train/map/23129065_15.tif
(1500, 1500) data/mass_buildings/train/map/24478855_15.tif
(1500, 1500) data/mass_buildings/train/map/23729050_15.tif
(1500, 1500) data/mass_buildings/train/map/23728960_15.tif
(1500, 1500) data/mass_buildings/train/map/22978960_15.tif
(1500, 1500) data/mass_buildings/train/map/23278945_15.tif
(1500, 1500) data/mass_buildings/train/map/24329095_15.tif
(1500, 1500) data/mass_buildings/train/map/23279155_15.tif
(1500, 1500) data/mass_buildings/train/map/23578930_15.tif
(1500, 1500) data/mass_buildings/train/map/22678990_15.tif
(1500, 1500) data/mass_buildings/train/map/23128930_15.tif
(1500, 1500) data/mass_buildings/train/map/23129020_15.tif
(1500, 1500) data/mass_buildings/train/map/23429005_15.tif
(1500, 1500) data/mass_buildings/train/map/23128945_15.tif
(1500, 1500) data/mass_buildings/train/map/23878945_15.tif
(1500, 1500) data/mass_buildings/train/map/23128975_15.tif
(1500, 1500) data/mass_buildings/train/map/23878990_15.tif
(1500, 1500) data/mass_buildings/train/map/24328855_15.tif
(1500, 1500) data/mass_buildings/train/map/23579110_15.tif
(1500, 1500) data/mass_buildings/train/map/22679005_15.tif
(1500, 1500) data/mass_buildings/train/map/23879065_15.tif
(1500, 1500) data/mass_buildings/train/map/23128900_15.tif
(1500, 1500) data/mass_buildings/train/map/23129125_15.tif
(1500, 1500) data/mass_buildings/train/map/23128960_15.tif
(1500, 1500) data/mass_buildings/train/map/22678915_15.tif
(1500, 1500) data/mass_buildings/train/map/23729005_15.tif
(1500, 1500) data/mass_buildings/train/map/22979050_15.tif
(1500, 1500) data/mass_buildings/train/map/23728975_15.tif
(1500, 1500) data/mass_buildings/train/map/23429140_15.tif
(1500, 1500) data/mass_buildings/train/map/22828975_15.tif
(1500, 1500) data/mass_buildings/train/map/23278990_15.tif
(1500, 1500) data/mass_buildings/train/map/22978900_15.tif
(1500, 1500) data/mass_buildings/train/map/23428930_15.tif
(1500, 1500) data/mass_buildings/train/map/23428900_15.tif
(1500, 1500) data/mass_buildings/train/map/23128885_15.tif
(1500, 1500) data/mass_buildings/train/map/22679050_15.tif
(1500, 1500) data/mass_buildings/train/map/23878915_15.tif
(1500, 1500) data/mass_buildings/train/map/23729020_15.tif
(1500, 1500) data/mass_buildings/train/map/23279035_15.tif
(1500, 1500) data/mass_buildings/train/map/22679020_15.tif
(1500, 1500) data/mass_buildings/train/map/22979035_15.tif
(1500, 1500) data/mass_buildings/train/map/23279050_15.tif
(1500, 1500) data/mass_buildings/train/map/24478900_15.tif
(1500, 1500) data/mass_buildings/train/map/23128915_15.tif
(1500, 1500) data/mass_buildings/train/map/24029035_15.tif
(1500, 1500) data/mass_buildings/train/map/24029065_15.tif
(1500, 1500) data/mass_buildings/train/map/22978885_15.tif
(1500, 1500) data/mass_buildings/train/map/23579065_15.tif
(1500, 1500) data/mass_buildings/train/map/24029080_15.tif
(1500, 1500) data/mass_buildings/train/map/24029110_15.tif
(1500, 1500) data/mass_buildings/train/map/23729080_15.tif
(1500, 1500) data/mass_buildings/train/map/24329035_15.tif
(1500, 1500) data/mass_buildings/train/map/23279170_15.tif
(1500, 1500) data/mass_buildings/train/map/23578915_15.tif
(1500, 1500) data/mass_buildings/train/map/22979005_15.tif
(1500, 1500) data/mass_buildings/train/map/23429170_15.tif
(1500, 1500) data/mass_buildings/train/map/22678930_15.tif
(1500, 1500) data/mass_buildings/train/map/23879095_15.tif
(1500, 1500) data/mass_buildings/train/map/23128990_15.tif
(1500, 1500) data/mass_buildings/train/map/23878930_15.tif
(1500, 1500) data/mass_buildings/train/map/22829020_15.tif
(1500, 1500) data/mass_buildings/train/map/23578945_15.tif
(1500, 1500) data/mass_buildings/train/map/23878975_15.tif
(1500, 1500) data/mass_buildings/train/map/23279080_15.tif
(1500, 1500) data/mass_buildings/train/map/24179080_15.tif
(1500, 1500) data/mass_buildings/train/map/22828945_15.tif
(1500, 1500) data/mass_buildings/train/map/22978990_15.tif
(1500, 1500) data/mass_buildings/train/map/23129035_15.tif
(1500, 1500) data/mass_buildings/train/map/23428975_15.tif
(1500, 1500) data/mass_buildings/train/map/24478885_15.tif
(1500, 1500) data/mass_buildings/train/map/24029050_15.tif
(1500, 1500) data/mass_buildings/train/map/23429065_15.tif
(1500, 1500) data/mass_buildings/train/map/22678975_15.tif
(1500, 1500) data/mass_buildings/train/map/23279020_15.tif
(1500, 1500) data/mass_buildings/train/map/23579125_15.tif
(1500, 1500) data/mass_buildings/train/map/22678960_15.tif
(1500, 1500) data/mass_buildings/train/map/23729065_15.tif
(1500, 1500) data/mass_buildings/train/map/23279005_15.tif
(1500, 1500) data/mass_buildings/train/map/22978915_15.tif
(1500, 1500) data/mass_buildings/train/map/24328840_15.tif
(1500, 1500) data/mass_buildings/train/map/23278930_15.tif
(1500, 1500) data/mass_buildings/train/map/22978975_15.tif
(1500, 1500) data/mass_buildings/train/map/23728945_15.tif
(1500, 1500) data/mass_buildings/train/map/23578975_15.tif
(1500, 1500) data/mass_buildings/train/map/22679035_15.tif
(1500, 1500) data/mass_buildings/train/map/22829035_15.tif
(1500, 1500) data/mass_buildings/train/map/23429035_15.tif
(1500, 1500) data/mass_buildings/train/map/23579140_15.tif
(1500, 1500) data/mass_buildings/train/map/24328870_15.tif
(1500, 1500) data/mass_buildings/train/map/23729110_15.tif
(1500, 1500) data/mass_buildings/train/map/24478840_15.tif
(1500, 1500) data/mass_buildings/train/map/23279140_15.tif
(1500, 1500) data/mass_buildings/train/map/22978930_15.tif
(1500, 1500) data/mass_buildings/train/map/23278975_15.tif
(1500, 1500) data/mass_buildings/train/map/23278915_15.tif
(1500, 1500) data/mass_buildings/train/map/24329020_15.tif
(1500, 1500) data/mass_buildings/train/map/23428945_15.tif
(1500, 1500) data/mass_buildings/train/map/23879020_15.tif
(1500, 1500) data/mass_buildings/train/map/23579080_15.tif
(1500, 1500) data/mass_buildings/train/map/23129050_15.tif
(1500, 1500) data/mass_buildings/train/map/23879050_15.tif
(1500, 1500) data/mass_buildings/train/map/23278900_15.tif
(1500, 1500) data/mass_buildings/train/map/22828915_15.tif
(1500, 1500) data/mass_buildings/train/map/23279095_15.tif
(1500, 1500) data/mass_buildings/train/map/23728840_15.tif
(1500, 1500) data/mass_buildings/test/map/22829050_15.tif
(1500, 1500) data/mass_buildings/test/map/22828990_15.tif
(1500, 1500) data/mass_buildings/test/map/23429020_15.tif
(1500, 1500) data/mass_buildings/test/map/22828930_15.tif
(1500, 1500) data/mass_buildings/test/map/24179065_15.tif
(1500, 1500) data/mass_buildings/test/map/23879080_15.tif
(1500, 1500) data/mass_buildings/test/map/23578960_15.tif
(1500, 1500) data/mass_buildings/test/map/23579005_15.tif
(1500, 1500) data/mass_buildings/test/map/23729035_15.tif
(1500, 1500) data/mass_buildings/test/map/23429080_15.tif
(1500, 1500) data/mass_buildings/valid/map/23579050_15.tif
(1500, 1500) data/mass_buildings/valid/map/22978945_15.tif
(1500, 1500) data/mass_buildings/valid/map/23429155_15.tif
(1500, 1500) data/mass_buildings/valid/map/23728930_15.tif
patch size: 92 24 16
n_all_files: 4
divide:0.8422126770019531
0 / 4 n_patches: 7744
divide:0.8442749977111816
1 / 4 n_patches: 15488
divide:0.8557231426239014
2 / 4 n_patches: 23232
divide:1.1226763725280762
3 / 4 n_patches: 30976
patches:	 30976
patch size: 92 24 16
n_all_files: 10
divide:0.8339042663574219
0 / 10 n_patches: 7744
divide:0.8356757164001465
1 / 10 n_patches: 15488
divide:0.8321590423583984
2 / 10 n_patches: 23232
divide:0.8264462947845459
3 / 10 n_patches: 30976
divide:0.8600096702575684
4 / 10 n_patches: 38720
divide:0.8505456447601318
5 / 10 n_patches: 46464
divide:0.8433668613433838
6 / 10 n_patches: 54208
divide:0.916705846786499
7 / 10 n_patches: 61952
divide:1.1360886096954346
8 / 10 n_patches: 69696
divide:1.1640386581420898
9 / 10 n_patches: 77440
patches:	 77440
patch size: 92 24 16
n_all_files: 137
divide:0.8454701900482178
0 / 137 n_patches: 7744
divide:0.836510181427002
1 / 137 n_patches: 15488
divide:0.835191011428833
2 / 137 n_patches: 23232
divide:0.8293154239654541
3 / 137 n_patches: 30976
divide:0.8268365859985352
4 / 137 n_patches: 38720
divide:0.8252813816070557
5 / 137 n_patches: 46464
divide:0.8289022445678711
6 / 137 n_patches: 54208
divide:0.8367643356323242
7 / 137 n_patches: 61952
divide:0.8351945877075195
8 / 137 n_patches: 69696
divide:0.8298757076263428
9 / 137 n_patches: 77440
divide:1.1565423011779785
10 / 137 n_patches: 85184
divide:1.165698766708374
11 / 137 n_patches: 92928
divide:1.1984741687774658
12 / 137 n_patches: 100672
divide:1.2215771675109863
13 / 137 n_patches: 108416
divide:1.2877280712127686
14 / 137 n_patches: 116160
divide:1.3269684314727783
15 / 137 n_patches: 123904
divide:1.3187341690063477
16 / 137 n_patches: 131648
divide:1.1112611293792725
17 / 137 n_patches: 139392
divide:0.87904953956604
18 / 137 n_patches: 147136
divide:1.1195549964904785
19 / 137 n_patches: 154880
divide:0.8374040126800537
20 / 137 n_patches: 162624
divide:1.1072428226470947
21 / 137 n_patches: 170368
divide:0.8519141674041748
22 / 137 n_patches: 178112
divide:1.281564474105835
23 / 137 n_patches: 185856
divide:0.9015297889709473
24 / 137 n_patches: 193600
divide:1.1079638004302979
25 / 137 n_patches: 201344
divide:0.9802069664001465
26 / 137 n_patches: 209088
divide:1.2263634204864502
27 / 137 n_patches: 216832
divide:0.9036600589752197
28 / 137 n_patches: 224576
divide:1.2662262916564941
29 / 137 n_patches: 232320
divide:0.9214930534362793
30 / 137 n_patches: 240064
divide:1.0665597915649414
31 / 137 n_patches: 247808
divide:0.8871455192565918
32 / 137 n_patches: 255552
divide:1.2670903205871582
33 / 137 n_patches: 263296
divide:0.8848204612731934
34 / 137 n_patches: 271040
divide:1.0593430995941162
35 / 137 n_patches: 278784
divide:0.8870642185211182
36 / 137 n_patches: 286528
divide:1.0688872337341309
37 / 137 n_patches: 294272
divide:0.8326714038848877
38 / 137 n_patches: 302016
divide:1.1551804542541504
39 / 137 n_patches: 309760
divide:0.9026222229003906
40 / 137 n_patches: 317504
divide:1.1336565017700195
41 / 137 n_patches: 325248
divide:0.8608353137969971
42 / 137 n_patches: 332992
divide:1.0958483219146729
43 / 137 n_patches: 340736
divide:1.000077247619629
44 / 137 n_patches: 348480
divide:0.8616468906402588
45 / 137 n_patches: 356224
divide:0.9772491455078125
46 / 137 n_patches: 363968
divide:0.8637630939483643
47 / 137 n_patches: 371712
divide:0.9963381290435791
48 / 137 n_patches: 379456
divide:0.8599755764007568
49 / 137 n_patches: 387200
divide:1.1424567699432373
50 / 137 n_patches: 394944
divide:0.9038238525390625
51 / 137 n_patches: 402688
divide:1.1818766593933105
52 / 137 n_patches: 410432
divide:1.0929498672485352
53 / 137 n_patches: 418176
divide:0.8537218570709229
54 / 137 n_patches: 425920
divide:1.1494686603546143
55 / 137 n_patches: 433664
divide:0.9023149013519287
56 / 137 n_patches: 441408
divide:1.2627110481262207
57 / 137 n_patches: 449152
divide:1.2169625759124756
58 / 137 n_patches: 456896
divide:0.8601710796356201
59 / 137 n_patches: 464640
divide:1.2557346820831299
60 / 137 n_patches: 472384
divide:0.90952467918396
61 / 137 n_patches: 480128
divide:1.255021572113037
62 / 137 n_patches: 487872
divide:0.9204339981079102
63 / 137 n_patches: 495616
divide:1.155505657196045
64 / 137 n_patches: 503360
divide:1.247736930847168
65 / 137 n_patches: 511104
divide:1.0715630054473877
66 / 137 n_patches: 518848
divide:1.2108790874481201
67 / 137 n_patches: 526592
divide:1.1517903804779053
68 / 137 n_patches: 534336
divide:0.8636937141418457
69 / 137 n_patches: 542080
divide:1.1465318202972412
70 / 137 n_patches: 549824
divide:0.9712667465209961
71 / 137 n_patches: 557568
divide:1.1167218685150146
72 / 137 n_patches: 565312
divide:1.1911225318908691
73 / 137 n_patches: 573056
divide:0.8989248275756836
74 / 137 n_patches: 580800
divide:1.1799955368041992
75 / 137 n_patches: 588544
divide:0.8810732364654541
76 / 137 n_patches: 596288
divide:1.1442527770996094
77 / 137 n_patches: 604032
divide:1.0672276020050049
78 / 137 n_patches: 611776
divide:0.9089202880859375
79 / 137 n_patches: 619520
divide:0.9408044815063477
80 / 137 n_patches: 627264
divide:0.8452730178833008
81 / 137 n_patches: 635008
divide:0.8365392684936523
82 / 137 n_patches: 642752
divide:0.8374812602996826
83 / 137 n_patches: 650496
divide:0.8529171943664551
84 / 137 n_patches: 658240
divide:0.8443970680236816
85 / 137 n_patches: 665984
divide:0.8489813804626465
86 / 137 n_patches: 673728
divide:0.8642978668212891
87 / 137 n_patches: 681472
divide:0.863734245300293
88 / 137 n_patches: 689216
divide:0.8720481395721436
89 / 137 n_patches: 696960
divide:0.8377971649169922
90 / 137 n_patches: 704704
divide:0.8571252822875977
91 / 137 n_patches: 712448
divide:0.8524107933044434
92 / 137 n_patches: 720192
divide:0.8819353580474854
93 / 137 n_patches: 727936
divide:0.8956127166748047
94 / 137 n_patches: 735680
divide:0.8509171009063721
95 / 137 n_patches: 743424
divide:0.8821995258331299
96 / 137 n_patches: 751168
divide:0.8512108325958252
97 / 137 n_patches: 758912
divide:0.9006633758544922
98 / 137 n_patches: 766656
divide:0.8963024616241455
99 / 137 n_patches: 774400
divide:0.8497343063354492
100 / 137 n_patches: 782144
divide:0.85707688331604
101 / 137 n_patches: 789888
divide:0.8496556282043457
102 / 137 n_patches: 797632
divide:0.8697803020477295
103 / 137 n_patches: 805376
divide:0.8567402362823486
104 / 137 n_patches: 813120
divide:0.9082939624786377
105 / 137 n_patches: 820864
divide:0.8658485412597656
106 / 137 n_patches: 828608
divide:0.8410837650299072
107 / 137 n_patches: 836352
divide:0.8784687519073486
108 / 137 n_patches: 844096
divide:0.8712038993835449
109 / 137 n_patches: 851840
divide:0.8578455448150635
110 / 137 n_patches: 859584
divide:0.8515377044677734
111 / 137 n_patches: 867328
divide:0.8704047203063965
112 / 137 n_patches: 875072
divide:0.8524684906005859
113 / 137 n_patches: 882816
divide:0.8737237453460693
114 / 137 n_patches: 890560
divide:0.8736410140991211
115 / 137 n_patches: 898304
divide:0.9189198017120361
116 / 137 n_patches: 906048
divide:0.870913028717041
117 / 137 n_patches: 913792
divide:0.8631308078765869
118 / 137 n_patches: 921536
divide:0.8440649509429932
119 / 137 n_patches: 929280
divide:0.8909778594970703
120 / 137 n_patches: 937024
divide:0.8969597816467285
121 / 137 n_patches: 944768
divide:0.9080774784088135
122 / 137 n_patches: 952512
divide:0.8918991088867188
123 / 137 n_patches: 960256
divide:0.8305792808532715
124 / 137 n_patches: 968000
divide:0.864006519317627
125 / 137 n_patches: 975744
divide:0.8577017784118652
126 / 137 n_patches: 983488
divide:0.8578929901123047
127 / 137 n_patches: 991232
divide:0.8473892211914062
128 / 137 n_patches: 998976
divide:0.8618497848510742
129 / 137 n_patches: 1006720
divide:0.8325011730194092
130 / 137 n_patches: 1014464
divide:0.8792595863342285
131 / 137 n_patches: 1022208
divide:0.8998239040374756
132 / 137 n_patches: 1029952
divide:0.8378818035125732
133 / 137 n_patches: 1037696
divide:0.8695242404937744
134 / 137 n_patches: 1045440
divide:0.8642876148223877
135 / 137 n_patches: 1053184
divide:0.8655538558959961
136 / 137 n_patches: 1060928
patches:	 1060928
patch size: 92 24 16
n_all_files: 14
divide:0.8414838314056396
0 / 14 n_patches: 7744
divide:0.853003978729248
1 / 14 n_patches: 15488
divide:0.8481159210205078
2 / 14 n_patches: 23232
divide:0.8516926765441895
3 / 14 n_patches: 30976
divide:0.8356776237487793
4 / 14 n_patches: 38720
divide:0.8274013996124268
5 / 14 n_patches: 46464
divide:0.865577220916748
6 / 14 n_patches: 54208
divide:0.8549244403839111
7 / 14 n_patches: 61952
divide:0.8649177551269531
8 / 14 n_patches: 69696
divide:0.8567204475402832
9 / 14 n_patches: 77440
divide:0.8600771427154541
10 / 14 n_patches: 85184
divide:0.8418211936950684
11 / 14 n_patches: 92928
divide:0.8261234760284424
12 / 14 n_patches: 100672
divide:0.82071852684021
13 / 14 n_patches: 108416
patches:	 108416
patch size: 92 24 16
n_all_files: 49
divide:0.8285269737243652
0 / 49 n_patches: 7744
divide:0.8847739696502686
1 / 49 n_patches: 15488
divide:0.8432819843292236
2 / 49 n_patches: 23232
divide:0.8530664443969727
3 / 49 n_patches: 30976
divide:0.8411135673522949
4 / 49 n_patches: 38720
divide:0.8524677753448486
5 / 49 n_patches: 46464
divide:0.8579907417297363
6 / 49 n_patches: 54208
divide:0.8260517120361328
7 / 49 n_patches: 61952
divide:0.8304579257965088
8 / 49 n_patches: 69696
divide:0.842048168182373
9 / 49 n_patches: 77440
divide:0.8359613418579102
10 / 49 n_patches: 85184
divide:0.8284518718719482
11 / 49 n_patches: 92928
divide:0.8460173606872559
12 / 49 n_patches: 100672
divide:0.8559811115264893
13 / 49 n_patches: 108416
divide:0.8441097736358643
14 / 49 n_patches: 116160
divide:0.8593971729278564
15 / 49 n_patches: 123904
divide:0.8488280773162842
16 / 49 n_patches: 131648
divide:0.8525080680847168
17 / 49 n_patches: 139392
divide:0.8336098194122314
18 / 49 n_patches: 147136
divide:0.8377828598022461
19 / 49 n_patches: 154880
divide:0.8535633087158203
20 / 49 n_patches: 162624
divide:0.8860292434692383
21 / 49 n_patches: 170368
divide:0.8262348175048828
22 / 49 n_patches: 178112
divide:0.8901598453521729
23 / 49 n_patches: 185856
divide:0.8622722625732422
24 / 49 n_patches: 193600
divide:1.2982537746429443
25 / 49 n_patches: 201344
divide:1.2839930057525635
26 / 49 n_patches: 209088
divide:1.1170318126678467
27 / 49 n_patches: 216832
divide:0.8936972618103027
28 / 49 n_patches: 224576
divide:1.154247760772705
29 / 49 n_patches: 232320
divide:0.8932714462280273
30 / 49 n_patches: 240064
divide:0.9608659744262695
31 / 49 n_patches: 247808
divide:0.881943941116333
32 / 49 n_patches: 255552
divide:0.8843812942504883
33 / 49 n_patches: 263296
divide:0.845524787902832
34 / 49 n_patches: 271040
divide:0.8791024684906006
35 / 49 n_patches: 278784
divide:0.8597047328948975
36 / 49 n_patches: 286528
divide:0.9023513793945312
37 / 49 n_patches: 294272
divide:0.8816218376159668
38 / 49 n_patches: 302016
divide:0.8723325729370117
39 / 49 n_patches: 309760
divide:0.8579721450805664
40 / 49 n_patches: 317504
divide:0.8609066009521484
41 / 49 n_patches: 325248
divide:0.8752152919769287
42 / 49 n_patches: 332992
divide:0.8556604385375977
43 / 49 n_patches: 340736
divide:0.8992481231689453
44 / 49 n_patches: 348480
divide:0.8932995796203613
45 / 49 n_patches: 356224
divide:0.8648884296417236
46 / 49 n_patches: 363968
divide:0.831489086151123
Traceback (most recent call last):
  File "scripts/create_dataset.py", line 207, in <module>
    'data/mass_roads/lmdb/test_map')
  File "scripts/create_dataset.py", line 123, in create_patches
    sat_txn.put(key, sat_patch.to(1500, 1500) data/mass_buildings/train/map/22678945_15.tif
(1500, 1500) data/mass_buildings/train/map/23278960_15.tif
(1500, 1500) data/mass_buildings/train/map/23129155_15.tif
(1500, 1500) data/mass_buildings/train/map/23578990_15.tif
(1500, 1500) data/mass_buildings/train/map/23129005_15.tif
(1500, 1500) data/mass_buildings/train/map/23429095_15.tif
(1500, 1500) data/mass_buildings/train/map/22978870_15.tif
(1500, 1500) data/mass_buildings/train/map/24179050_15.tif
(1500, 1500) data/mass_buildings/train/map/23728990_15.tif
(1500, 1500) data/mass_buildings/train/map/22829005_15.tif
(1500, 1500) data/mass_buildings/train/map/23428990_15.tif
(1500, 1500) data/mass_buildings/train/map/23278885_15.tif
(1500, 1500) data/mass_buildings/train/map/23429050_15.tif
(1500, 1500) data/mass_buildings/train/map/23428960_15.tif
(1500, 1500) data/mass_buildings/train/map/23129140_15.tif
(1500, 1500) data/mass_buildings/train/map/23879110_15.tif
(1500, 1500) data/mass_buildings/train/map/22979065_15.tif
(1500, 1500) data/mass_buildings/train/map/22828960_15.tif
(1500, 1500) data/mass_buildings/train/map/24479005_15.tif
(1500, 1500) data/mass_buildings/train/map/24179020_15.tif
(1500, 1500) data/mass_buildings/train/map/23579020_15.tif
(1500, 1500) data/mass_buildings/train/map/24179035_15.tif
(1500, 1500) data/mass_buildings/train/map/23129170_15.tif
(1500, 1500) data/mass_buildings/train/map/22979020_15.tif
(1500, 1500) data/mass_buildings/train/map/23579035_15.tif
(1500, 1500) data/mass_buildings/train/map/23128870_15.tif
(1500, 1500) data/mass_buildings/train/map/23729095_15.tif
(1500, 1500) data/mass_buildings/train/map/23579095_15.tif
(1500, 1500) data/mass_buildings/train/map/23429125_15.tif
(1500, 1500) data/mass_buildings/train/map/24478870_15.tif
(1500, 1500) data/mass_buildings/train/map/23428915_15.tif
(1500, 1500) data/mass_buildings/train/map/23879035_15.tif
(1500, 1500) data/mass_buildings/train/map/23129065_15.tif
(1500, 1500) data/mass_buildings/train/map/24478855_15.tif
(1500, 1500) data/mass_buildings/train/map/23729050_15.tif
(1500, 1500) data/mass_buildings/train/map/23728960_15.tif
(1500, 1500) data/mass_buildings/train/map/22978960_15.tif
(1500, 1500) data/mass_buildings/train/map/23278945_15.tif
(1500, 1500) data/mass_buildings/train/map/24329095_15.tif
(1500, 1500) data/mass_buildings/train/map/23279155_15.tif
(1500, 1500) data/mass_buildings/train/map/23578930_15.tif
(1500, 1500) data/mass_buildings/train/map/22678990_15.tif
Traceback (most recent call last):
  File "scripts/create_dataset.py", line 154, in <module>
    create_merged_map()
  File "scripts/create_dataset.py", line 45, in create_merged_map
    h, w = road_map.shape
AttributeError: 'NoneType' object has no attribute 'shape'
shells/create_dataset.sh: line 5: 10928 Floating point exception(core dumped) python scripts/create_dataset.py --dataset single
patch size: 92 24 16
n_all_files: 4
divide:0.8497323989868164
0 / 4 n_patches: 7744
divide:0.833853006362915
1 / 4 n_patches: 15488
divide:0.8345291614532471
2 / 4 n_patches: 23232
divide:0.8397064208984375
3 / 4 n_patches: 30976
patches:	 30976
patch size: 92 24 16
n_all_files: 10
divide:0.8570730686187744
0 / 10 n_patches: 7744
divide:0.8606400489807129
1 / 10 n_patches: 15488
divide:0.8599369525909424
2 / 10 n_patches: 23232
divide:0.857598066329956
3 / 10 n_patches: 30976
divide:0.8576071262359619
4 / 10 n_patches: 38720
divide:0.8919897079467773
5 / 10 n_patches: 46464
divide:0.8913455009460449
6 / 10 n_patches: 54208
divide:0.8829405307769775
7 / 10 n_patches: 61952
divide:0.8800978660583496
8 / 10 n_patches: 69696
divide:0.868182897567749
9 / 10 n_patches: 77440
patches:	 77440
patch size: 92 24 16
n_all_files: 137
divide:0.8416733741760254
0 / 137 n_patches: 7744
divide:0.8354005813598633
1 / 137 n_patches: 15488
divide:0.8479242324829102
2 / 137 n_patches: 23232
divide:0.8367612361907959
3 / 137 n_patches: 30976
divide:0.8391931056976318
4 / 137 n_patches: 38720
divide:0.8358900547027588
5 / 137 n_patches: 46464
divide:0.8407094478607178
6 / 137 n_patches: 54208
divide:0.8385539054870605
7 / 137 n_patches: 61952
divide:0.8398127555847168
8 / 137 n_patches: 69696
divide:0.8303670883178711
9 / 137 n_patches: 77440
divide:0.8692886829376221
10 / 137 n_patches: 85184
divide:0.8375041484832764
11 / 137 n_patches: 92928
divide:0.8420877456665039
12 / 137 n_patches: 100672
divide:0.8603270053863525
13 / 137 n_patches: 108416
divide:0.833808183670044
14 / 137 n_patches: 116160
divide:0.8433332443237305
15 / 137 n_patches: 123904
divide:0.8446168899536133
16 / 137 n_patches: 131648
divide:0.8519332408905029
17 / 137 n_patches: 139392
divide:0.8262999057769775
18 / 137 n_patches: 147136
divide:0.8813645839691162
19 / 137 n_patches: 154880
divide:0.8404209613800049
20 / 137 n_patches: 162624
divide:0.8693325519561768
21 / 137 n_patches: 170368
divide:0.8481659889221191
22 / 137 n_patches: 178112
divide:0.8562355041503906
23 / 137 n_patches: 185856
divide:0.8313536643981934
24 / 137 n_patches: 193600
divide:0.8480827808380127
25 / 137 n_patches: 201344
divide:0.8356177806854248
26 / 137 n_patches: 209088
divide:0.8932788372039795
27 / 137 n_patches: 216832
divide:0.8563997745513916
28 / 137 n_patches: 224576
divide:0.8853099346160889
29 / 137 n_patches: 232320
divide:0.8824596405029297
30 / 137 n_patches: 240064
divide:0.8503074645996094
31 / 137 n_patches: 247808
divide:0.8737387657165527
32 / 137 n_patches: 255552
divide:0.8728790283203125
33 / 137 n_patches: 263296
divide:0.8375461101531982
34 / 137 n_patches: 271040
divide:0.8426141738891602
35 / 137 n_patches: 278784
divide:0.8512518405914307
36 / 137 n_patches: 286528
divide:0.8474993705749512
37 / 137 n_patches: 294272
divide:0.8367564678192139
38 / 137 n_patches: 302016
divide:0.8335764408111572
39 / 137 n_patches: 309760
divide:0.8373434543609619
40 / 137 n_patches: 317504
divide:0.8928911685943604
41 / 137 n_patches: 325248
divide:0.8338212966918945
42 / 137 n_patches: 332992
divide:0.8532707691192627
43 / 137 n_patches: 340736
divide:0.8263843059539795
44 / 137 n_patches: 348480
divide:0.8369126319885254
45 / 137 n_patches: 356224
divide:0.8343613147735596
46 / 137 n_patches: 363968
divide:0.8460919857025146
47 / 137 n_patches: 371712
divide:0.8500199317932129
48 / 137 n_patches: 379456
divide:0.8148136138916016
49 / 137 n_patches: 387200
divide:0.9139299392700195
50 / 137 n_patches: 394944
divide:0.8477585315704346
51 / 137 n_patches: 402688
divide:0.9769387245178223
52 / 137 n_patches: 410432
divide:0.9502642154693604
53 / 137 n_patches: 418176
divide:0.8659439086914062
54 / 137 n_patches: 425920
divide:0.9595625400543213
55 / 137 n_patches: 433664
divide:0.8713099956512451
56 / 137 n_patches: 441408
divide:0.9344837665557861
57 / 137 n_patches: 449152
divide:0.876429557800293
58 / 137 n_patches: 456896
divide:0.9267761707305908
59 / 137 n_patches: 464640
divide:0.9506049156188965
60 / 137 n_patches: 472384
divide:0.9190189838409424
61 / 137 n_patches: 480128
divide:0.9365484714508057
62 / 137 n_patches: 487872
divide:0.8600585460662842
63 / 137 n_patches: 495616
divide:0.9533469676971436
64 / 137 n_patches: 503360
divide:0.9167330265045166
65 / 137 n_patches: 511104
divide:0.842926025390625
66 / 137 n_patches: 518848
divide:0.9051458835601807
67 / 137 n_patches: 526592
divide:0.847933292388916
68 / 137 n_patches: 534336
divide:0.9197738170623779
69 / 137 n_patches: 542080
divide:0.9656648635864258
70 / 137 n_patches: 549824
divide:0.8920910358428955
71 / 137 n_patches: 557568
divide:0.9115574359893799
72 / 137 n_patches: 565312
divide:0.9115109443664551
73 / 137 n_patches: 573056
divide:0.8417603969573975
74 / 137 n_patches: 580800
divide:0.9105319976806641
75 / 137 n_patches: 588544
divide:0.8339264392852783
76 / 137 n_patches: 596288
divide:0.9416697025299072
77 / 137 n_patches: 604032
divide:0.9236366748809814
78 / 137 n_patches: 611776
divide:0.8758127689361572
79 / 137 n_patches: 619520
divide:0.918999195098877
80 / 137 n_patches: 627264
divide:0.9743688106536865
81 / 137 n_patches: 635008
divide:0.837007999420166
82 / 137 n_patches: 642752
divide:0.924407958984375
83 / 137 n_patches: 650496
divide:0.8529849052429199
84 / 137 n_patches: 658240
divide:0.8466954231262207
85 / 137 n_patches: 665984
divide:0.8582978248596191
86 / 137 n_patches: 673728
divide:0.8788158893585205
87 / 137 n_patches: 681472
divide:0.8467113971710205
88 / 137 n_patches: 689216
divide:0.8572103977203369
89 / 137 n_patches: 696960
divide:0.8450517654418945
90 / 137 n_patches: 704704
divide:0.8678529262542725
91 / 137 n_patches: 712448
divide:0.8881137371063232
92 / 137 n_patches: 720192
divide:0.8653826713562012
93 / 137 n_patches: 727936
divide:0.8835687637329102
94 / 137 n_patches: 735680
divide:0.8596036434173584
95 / 137 n_patches: 743424
divide:0.8549301624298096
96 / 137 n_patches: 751168
divide:0.8932437896728516
97 / 137 n_patches: 758912
divide:0.9196958541870117
98 / 137 n_patches: 766656
divide:0.8905429840087891
99 / 137 n_patches: 774400
divide:0.8751449584960938
100 / 137 n_patches: 782144
divide:0.8407397270202637
101 / 137 n_patches: 789888
divide:0.8788144588470459
102 / 137 n_patches: 797632
divide:0.8604004383087158
103 / 137 n_patches: 805376
divide:0.8716423511505127
104 / 137 n_patches: 813120
divide:0.8887372016906738
105 / 137 n_patches: 820864
divide:0.8779776096343994
106 / 137 n_patches: 828608
divide:0.8783116340637207
107 / 137 n_patches: 836352
divide:0.868516206741333
108 / 137 n_patches: 844096
divide:0.8434934616088867
109 / 137 n_patches: 851840
divide:0.850492000579834
110 / 137 n_patches: 859584
divide:0.8506453037261963
111 / 137 n_patches: 867328
divide:0.8465371131896973
112 / 137 n_patches: 875072
divide:0.8324751853942871
113 / 137 n_patches: 882816
divide:0.8784282207489014
114 / 137 n_patches: 890560
divide:0.8395445346832275
115 / 137 n_patches: 898304
divide:0.8739776611328125
116 / 137 n_patches: 906048
divide:0.8448169231414795
117 / 137 n_patches: 913792
divide:0.8747768402099609
118 / 137 n_patches: 921536
divide:0.8598842620849609
119 / 137 n_patches: 929280
divide:0.8554937839508057
120 / 137 n_patches: 937024
divide:0.8417632579803467
121 / 137 n_patches: 944768
divide:0.9128623008728027
122 / 137 n_patches: 952512
divide:0.8776485919952393
123 / 137 n_patches: 960256
divide:0.8329648971557617
124 / 137 n_patches: 968000
divide:0.8549580574035645
125 / 137 n_patches: 975744
divide:0.8663136959075928
126 / 137 n_patches: 983488
divide:0.8611047267913818
127 / 137 n_patches: 991232
divide:0.9221532344818115
128 / 137 n_patches: 998976
divide:0.8863747119903564
129 / 137 n_patches: 1006720
divide:0.862257719039917
130 / 137 n_patches: 1014464
divide:0.868363618850708
131 / 137 n_patches: 1022208
divide:0.9029922485351562
132 / 137 n_patches: 1029952
divide:0.9236211776733398
133 / 137 n_patches: 1037696
divide:0.894273042678833
134 / 137 n_patches: 1045440
divide:0.8793020248413086
135 / 137 n_patches: 1053184
divide:1.0333526134490967
136 / 137 n_patches: 1060928
patches:	 1060928
patch size: 92 24 16
n_all_files: 14
divide:0.8780765533447266
0 / 14 n_patches: 7744
divide:0.8471775054931641
1 / 14 n_patches: 15488
divide:0.844566822052002
2 / 14 n_patches: 23232
divide:0.8496780395507812
3 / 14 n_patches: 30976
divide:0.8531961441040039
4 / 14 n_patches: 38720
divide:0.8696281909942627
5 / 14 n_patches: 46464
divide:0.8460769653320312
6 / 14 n_patches: 54208
divide:0.8462424278259277
7 / 14 n_patches: 61952
divide:0.8471612930297852
8 / 14 n_patches: 69696
divide:0.8396072387695312
9 / 14 n_patches: 77440
divide:0.8591864109039307
10 / 14 n_patches: 85184
divide:0.8341617584228516
11 / 14 n_patches: 92928
divide:0.8398053646087646
12 / 14 n_patches: 100672
Traceback (most recent call last):
  File "scripts/create_dataset.py", line 202, in <module>
    'data/mass_roads/lmdb/valid_map')
  File "scripts/create_dataset.py", line 112, in create_patches
    map_im = map_im[:, :, np.newaxis]
TypeError: 'NoneType' object is not subscriptable
patch size: 92 24 16
n_all_files: 4
divide:0.8421921730041504
0 / 4 n_patches: 7744
divide:0.8396577835083008
1 / 4 n_patches: 15488
divide:0.8428943157196045
2 / 4 n_patches: 23232
divide:0.8243575096130371
3 / 4 n_patches: 30976
patches:	 30976
patch size: 92 24 16
n_all_files: 10
divide:0.8342084884643555
0 / 10 n_patches: 7744
divide:0.8307838439941406
1 / 10 n_patches: 15488
divide:0.8147604465484619
2 / 10 n_patches: 23232
divide:0.8520894050598145
3 / 10 n_patches: 30976
divide:0.8248496055603027
4 / 10 n_patches: 38720
divide:0.8369014263153076
5 / 10 n_patches: 46464
divide:0.8215394020080566
6 / 10 n_patches: 54208
divide:0.8376011848449707
7 / 10 n_patches: 61952
divide:0.8390583992004395
8 / 10 n_patches: 69696
divide:0.8338954448699951
9 / 10 n_patches: 77440
patches:	 77440
patch size: 92 24 16
n_all_files: 137
divide:0.8541531562805176
0 / 137 n_patches: 7744
divide:0.8515896797180176
1 / 137 n_patches: 15488
divide:0.8669931888580322
2 / 137 n_patches: 23232
divide:0.8340785503387451
3 / 137 n_patches: 30976
divide:0.8277764320373535
4 / 137 n_patches: 38720
divide:0.824408769607544
5 / 137 n_patches: 46464
divide:0.8366940021514893
6 / 137 n_patches: 54208
divide:0.8280014991760254
7 / 137 n_patches: 61952
divide:0.834641695022583
8 / 137 n_patches: 69696
divide:0.8366184234619141
9 / 137 n_patches: 77440
divide:0.8348910808563232
10 / 137 n_patches: 85184
divide:0.841233491897583
11 / 137 n_patches: 92928
divide:0.853039026260376
12 / 137 n_patches: 100672
divide:0.8523476123809814
13 / 137 n_patches: 108416
divide:0.9489579200744629
14 / 137 n_patches: 116160
divide:0.8383626937866211
15 / 137 n_patches: 123904
divide:0.8952863216400146
16 / 137 n_patches: 131648
divide:0.8797407150268555
17 / 137 n_patches: 139392
divide:0.8349094390869141
18 / 137 n_patches: 147136
divide:0.8952505588531494
19 / 137 n_patches: 154880
divide:0.8389146327972412
20 / 137 n_patches: 162624
divide:0.8419103622436523
21 / 137 n_patches: 170368
divide:0.8344228267669678
22 / 137 n_patches: 178112
divide:0.8564755916595459
23 / 137 n_patches: 185856
divide:0.8838047981262207
24 / 137 n_patches: 193600
divide:0.8836677074432373
25 / 137 n_patches: 201344
divide:0.8706393241882324
26 / 137 n_patches: 209088
divide:0.8828232288360596
27 / 137 n_patches: 216832
divide:0.8518874645233154
28 / 137 n_patches: 224576
divide:0.8646893501281738
29 / 137 n_patches: 232320
divide:0.8673136234283447
30 / 137 n_patches: 240064
divide:0.8708124160766602
31 / 137 n_patches: 247808
divide:0.8688359260559082
32 / 137 n_patches: 255552
divide:0.8672552108764648
33 / 137 n_patches: 263296
divide:0.8450767993927002
34 / 137 n_patches: 271040
divide:0.8663556575775146
35 / 137 n_patches: 278784
divide:0.8602938652038574
36 / 137 n_patches: 286528
divide:0.883188009262085
37 / 137 n_patches: 294272
divide:0.8731808662414551
38 / 137 n_patches: 302016
divide:0.8738563060760498
39 / 137 n_patches: 309760
divide:0.8941996097564697
40 / 137 n_patches: 317504
divide:0.8762362003326416
41 / 137 n_patches: 325248
divide:0.8630251884460449
42 / 137 n_patches: 332992
divide:0.846595048904419
43 / 137 n_patches: 340736
divide:0.8631753921508789
44 / 137 n_patches: 348480
divide:0.8562331199645996
45 / 137 n_patches: 356224
divide:0.8480494022369385
46 / 137 n_patches: 363968
divide:0.8359496593475342
47 / 137 n_patches: 371712
divide:0.8414032459259033
48 / 137 n_patches: 379456
divide:0.8402540683746338
49 / 137 n_patches: 387200
divide:0.8869216442108154
50 / 137 n_patches: 394944
divide:0.8708746433258057
51 / 137 n_patches: 402688
divide:1.4748194217681885
52 / 137 n_patches: 410432
divide:0.9627032279968262
53 / 137 n_patches: 418176
divide:0.8511567115783691
54 / 137 n_patches: 425920
divide:0.8992388248443604
55 / 137 n_patches: 433664
divide:0.8518829345703125
56 / 137 n_patches: 441408
divide:0.9090437889099121
57 / 137 n_patches: 449152
divide:0.8679871559143066
58 / 137 n_patches: 456896
divide:0.8910272121429443
59 / 137 n_patches: 464640
divide:0.8821542263031006
60 / 137 n_patches: 472384
divide:0.8465564250946045
61 / 137 n_patches: 480128
divide:0.8916082382202148
62 / 137 n_patches: 487872
divide:0.8491928577423096
63 / 137 n_patches: 495616
divide:0.867551326751709
64 / 137 n_patches: 503360
divide:0.8991208076477051
65 / 137 n_patches: 511104
divide:0.8548567295074463
66 / 137 n_patches: 518848
divide:0.8795366287231445
67 / 137 n_patches: 526592
divide:0.8349087238311768
68 / 137 n_patches: 534336
divide:0.8924105167388916
69 / 137 n_patches: 542080
divide:0.8771872520446777
70 / 137 n_patches: 549824
divide:0.8812086582183838
71 / 137 n_patches: 557568
divide:0.8873276710510254
72 / 137 n_patches: 565312
divide:0.8540215492248535
73 / 137 n_patches: 573056
divide:0.8479530811309814
74 / 137 n_patches: 580800
divide:0.8645775318145752
75 / 137 n_patches: 588544
divide:0.8376226425170898
76 / 137 n_patches: 596288
divide:0.8635659217834473
77 / 137 n_patches: 604032
divide:0.867239236831665
78 / 137 n_patches: 611776
divide:0.8472476005554199
79 / 137 n_patches: 619520
divide:0.8437650203704834
80 / 137 n_patches: 627264
divide:0.8866980075836182
81 / 137 n_patches: 635008
divide:0.8542978763580322
82 / 137 n_patches: 642752
divide:0.8887755870819092
83 / 137 n_patches: 650496
divide:0.9072189331054688
84 / 137 n_patches: 658240
divide:0.8486056327819824
85 / 137 n_patches: 665984
divide:0.8858857154846191
86 / 137 n_patches: 673728
divide:0.8665404319763184
87 / 137 n_patches: 681472
divide:0.8397724628448486
88 / 137 n_patches: 689216
divide:0.9096910953521729
89 / 137 n_patches: 696960
divide:0.9003512859344482
90 / 137 n_patches: 704704
divide:0.833193302154541
91 / 137 n_patches: 712448
divide:0.903731107711792
92 / 137 n_patches: 720192
divide:0.9162032604217529
93 / 137 n_patches: 727936
divide:0.8652739524841309
94 / 137 n_patches: 735680
divide:0.8955256938934326
95 / 137 n_patches: 743424
divide:0.9077291488647461
96 / 137 n_patches: 751168
divide:0.8486599922180176
97 / 137 n_patches: 758912
divide:0.9320294857025146
98 / 137 n_patches: 766656
divide:0.9106893539428711
99 / 137 n_patches: 774400
divide:0.8328046798706055
100 / 137 n_patches: 782144
divide:0.8883872032165527
101 / 137 n_patches: 789888
divide:0.9563958644866943
102 / 137 n_patches: 797632
divide:0.858576774597168
103 / 137 n_patches: 805376
divide:0.9059247970581055
104 / 137 n_patches: 813120
divide:0.8809483051300049
105 / 137 n_patches: 820864
divide:0.9253489971160889
106 / 137 n_patches: 828608
divide:0.8868772983551025
107 / 137 n_patches: 836352
divide:0.8984208106994629
108 / 137 n_patches: 844096
divide:0.8946011066436768
109 / 137 n_patches: 851840
divide:0.9128332138061523
110 / 137 n_patches: 859584
divide:0.910628080368042
111 / 137 n_patches: 867328
divide:0.8718469142913818
112 / 137 n_patches: 875072
divide:0.9295694828033447
113 / 137 n_patches: 882816
divide:0.9408128261566162
114 / 137 n_patches: 890560
divide:0.9593579769134521
115 / 137 n_patches: 898304
divide:1.0126779079437256
116 / 137 n_patches: 906048
divide:0.9345760345458984
117 / 137 n_patches: 913792
divide:0.9831743240356445
118 / 137 n_patches: 921536
divide:0.8862402439117432
119 / 137 n_patches: 929280
divide:0.8927459716796875
120 / 137 n_patches: 937024
divide:0.8917152881622314
121 / 137 n_patches: 944768
divide:0.8751091957092285
122 / 137 n_patches: 952512
divide:0.9042143821716309
123 / 137 n_patches: 960256
divide:0.8491017818450928
124 / 137 n_patches: 968000
divide:0.8756310939788818
125 / 137 n_patches: 975744
divide:0.8970396518707275
126 / 137 n_patches: 983488
divide:0.8396139144897461
127 / 137 n_patches: 991232
divide:0.8341381549835205
128 / 137 n_patches: 998976
divide:0.8523144721984863
129 / 137 n_patches: 1006720
divide:0.9081223011016846
130 / 137 n_patches: 1014464
divide:0.8586804866790771
131 / 137 n_patches: 1022208
divide:0.904355525970459
132 / 137 n_patches: 1029952
divide:0.8660032749176025
133 / 137 n_patches: 1037696
divide:0.8986766338348389
134 / 137 n_patches: 1045440
divide:0.8365771770477295
135 / 137 n_patches: 1053184
divide:0.888808012008667
136 / 137 n_patches: 1060928
patches:	 1060928
patch size: 92 24 16
n_all_files: 4
divide:0.8695175647735596
0 / 4 n_patches: 7744
divide:0.8650431632995605
1 / 4 n_patches: 15488
divide:0.8604433536529541
2 / 4 n_patches: 23232
divide:0.8438656330108643
3 / 4 n_patches: 30976
patches:	 30976
patch size: 92 24 16
n_all_files: 10
divide:0.8657643795013428
0 / 10 n_patches: 7744
divide:0.8624663352966309
1 / 10 n_patches: 15488
divide:0.8447422981262207
2 / 10 n_patches: 23232
divide:0.8584063053131104
3 / 10 n_patches: 30976
divide:0.8471324443817139
4 / 10 n_patches: 38720
divide:0.8453376293182373
5 / 10 n_patches: 46464
divide:0.8559510707855225
6 / 10 n_patches: 54208
divide:0.8460779190063477
7 / 10 n_patches: 61952
divide:0.8644814491271973
8 / 10 n_patches: 69696
divide:0.8454983234405518
9 / 10 n_patches: 77440
patches:	 77440
patch size: 92 24 16
n_all_files: 137
divide:0.8425357341766357
0 / 137 n_patches: 7744
divide:0.8445734977722168
1 / 137 n_patches: 15488
divide:0.8489480018615723
2 / 137 n_patches: 23232
divide:0.8309495449066162
3 / 137 n_patches: 30976
divide:0.8387191295623779
4 / 137 n_patches: 38720
divide:0.8417830467224121
5 / 137 n_patches: 46464
divide:0.8405787944793701
6 / 137 n_patches: 54208
divide:0.8396735191345215
7 / 137 n_patches: 61952
divide:0.8356730937957764
8 / 137 n_patches: 69696
divide:0.8616921901702881
9 / 137 n_patches: 77440
divide:0.8684265613555908
10 / 137 n_patches: 85184
divide:0.8316428661346436
11 / 137 n_patches: 92928
divide:0.8404591083526611
12 / 137 n_patches: 100672
divide:0.8537523746490479
13 / 137 n_patches: 108416
divide:0.8430325984954834
14 / 137 n_patches: 116160
divide:0.8441181182861328
15 / 137 n_patches: 123904
divide:0.840796947479248
16 / 137 n_patches: 131648
divide:0.8594281673431396
17 / 137 n_patches: 139392
divide:0.8450586795806885
18 / 137 n_patches: 147136
divide:0.8401031494140625
19 / 137 n_patches: 154880
divide:0.8326315879821777
20 / 137 n_patches: 162624
divide:0.8432960510253906
21 / 137 n_patches: 170368
divide:0.8377282619476318
22 / 137 n_patches: 178112
divide:0.8630170822143555
23 / 137 n_patches: 185856
divide:0.8780796527862549
24 / 137 n_patches: 193600
divide:0.8988533020019531
25 / 137 n_patches: 201344
divide:0.8250470161437988
26 / 137 n_patches: 209088
divide:0.8363168239593506
27 / 137 n_patches: 216832
divide:0.8583216667175293
28 / 137 n_patches: 224576
divide:0.8334157466888428
29 / 137 n_patches: 232320
divide:0.8367161750793457
30 / 137 n_patches: 240064
divide:0.8437039852142334
31 / 137 n_patches: 247808
divide:0.8416216373443604
32 / 137 n_patches: 255552
divide:0.8628098964691162
33 / 137 n_patches: 263296
divide:0.8872087001800537
34 / 137 n_patches: 271040
divide:0.8715300559997559
35 / 137 n_patches: 278784
divide:0.8586878776550293
36 / 137 n_patches: 286528
divide:0.8818933963775635
37 / 137 n_patches: 294272
divide:0.8684108257293701
38 / 137 n_patches: 302016
divide:0.8810436725616455
39 / 137 n_patches: 309760
divide:0.8218498229980469
40 / 137 n_patches: 317504
divide:0.8621752262115479
41 / 137 n_patches: 325248
divide:0.8194334506988525
42 / 137 n_patches: 332992
divide:0.8450846672058105
43 / 137 n_patches: 340736
divide:0.8918380737304688
44 / 137 n_patches: 348480
divide:0.8815109729766846
45 / 137 n_patches: 356224
divide:0.8757786750793457
46 / 137 n_patches: 363968
divide:0.8688335418701172
47 / 137 n_patches: 371712
divide:0.8842489719390869
48 / 137 n_patches: 379456
divide:0.8472175598144531
49 / 137 n_patches: 387200
divide:0.88136887550354
50 / 137 n_patches: 394944
divide:0.8727257251739502
51 / 137 n_patches: 402688
divide:0.8543858528137207
52 / 137 n_patches: 410432
divide:0.8504624366760254
53 / 137 n_patches: 418176
divide:0.839317798614502
54 / 137 n_patches: 425920
divide:0.8904271125793457
55 / 137 n_patches: 433664
divide:0.8469805717468262
56 / 137 n_patches: 441408
divide:0.8847968578338623
57 / 137 n_patches: 449152
divide:0.8414254188537598
58 / 137 n_patches: 456896
divide:0.8617329597473145
59 / 137 n_patches: 464640
divide:0.8770360946655273
60 / 137 n_patches: 472384
divide:0.8575475215911865
61 / 137 n_patches: 480128
divide:0.8338749408721924
62 / 137 n_patches: 487872
divide:0.8271889686584473
63 / 137 n_patches: 495616
divide:0.843491792678833
64 / 137 n_patches: 503360
divide:0.8542037010192871
65 / 137 n_patches: 511104
divide:0.8371231555938721
66 / 137 n_patches: 518848
divide:0.872974157333374
67 / 137 n_patches: 526592
divide:0.8405115604400635
68 / 137 n_patches: 534336
divide:0.8567497730255127
69 / 137 n_patches: 542080
divide:0.8493556976318359
70 / 137 n_patches: 549824
divide:0.8584339618682861
71 / 137 n_patches: 557568
divide:0.8743298053741455
72 / 137 n_patches: 565312
divide:0.863685131072998
73 / 137 n_patches: 573056
divide:0.8634340763092041
74 / 137 n_patches: 580800
divide:0.8570935726165771
75 / 137 n_patches: 588544
divide:0.8602674007415771
76 / 137 n_patches: 596288
divide:0.8690614700317383
77 / 137 n_patches: 604032
divide:0.8704471588134766
78 / 137 n_patches: 611776
divide:0.8818867206573486
79 / 137 n_patches: 619520
divide:0.9281516075134277
80 / 137 n_patches: 627264
divide:0.911104679107666
81 / 137 n_patches: 635008
divide:0.9198455810546875
82 / 137 n_patches: 642752
divide:0.8677937984466553
83 / 137 n_patches: 650496
divide:0.8565764427185059
84 / 137 n_patches: 658240
divide:0.8473219871520996
85 / 137 n_patches: 665984
divide:0.8542015552520752
86 / 137 n_patches: 673728
divide:0.8866617679595947
87 / 137 n_patches: 681472
divide:0.83575439453125
88 / 137 n_patches: 689216
divide:0.8484389781951904
89 / 137 n_patches: 696960
divide:0.8693788051605225
90 / 137 n_patches: 704704
divide:0.8585216999053955
91 / 137 n_patches: 712448
divide:0.8552777767181396
92 / 137 n_patches: 720192
divide:0.8607039451599121
93 / 137 n_patches: 727936
divide:0.8420555591583252
94 / 137 n_patches: 735680
divide:0.8416407108306885
95 / 137 n_patches: 743424
divide:0.8715546131134033
96 / 137 n_patches: 751168
divide:0.8582124710083008
97 / 137 n_patches: 758912
divide:0.8762354850769043
98 / 137 n_patches: 766656
divide:0.8335332870483398
99 / 137 n_patches: 774400
divide:0.8328466415405273
100 / 137 n_patches: 782144
divide:0.844611644744873
101 / 137 n_patches: 789888
divide:0.8791019916534424
102 / 137 n_patches: 797632
divide:0.8816170692443848
103 / 137 n_patches: 805376
divide:0.860630989074707
104 / 137 n_patches: 813120
divide:0.8685126304626465
105 / 137 n_patches: 820864
divide:0.8905918598175049
106 / 137 n_patches: 828608
divide:0.8560645580291748
107 / 137 n_patches: 836352
divide:0.8427977561950684
108 / 137 n_patches: 844096
divide:0.8732879161834717
109 / 137 n_patches: 851840
divide:0.8694231510162354
110 / 137 n_patches: 859584
divide:0.8524386882781982
111 / 137 n_patches: 867328
divide:0.8405859470367432
112 / 137 n_patches: 875072
divide:0.8470797538757324
113 / 137 n_patches: 882816
divide:0.8549516201019287
114 / 137 n_patches: 890560
divide:0.8708381652832031
115 / 137 n_patches: 898304
divide:0.8677308559417725
116 / 137 n_patches: 906048
divide:0.858788013458252
117 / 137 n_patches: 913792
divide:0.8704330921173096
118 / 137 n_patches: 921536
divide:0.8809127807617188
119 / 137 n_patches: 929280
divide:0.8560421466827393
120 / 137 n_patches: 937024
divide:0.843012809753418
121 / 137 n_patches: 944768
divide:0.8593831062316895
122 / 137 n_patches: 952512
divide:0.8680722713470459
123 / 137 n_patches: 960256
divide:0.8373203277587891
124 / 137 n_patches: 968000
divide:0.8554716110229492
125 / 137 n_patches: 975744
divide:0.8583927154541016
126 / 137 n_patches: 983488
divide:0.8616464138031006
127 / 137 n_patches: 991232
divide:0.8523716926574707
128 / 137 n_patches: 998976
divide:0.83500075340271
129 / 137 n_patches: 1006720
divide:0.840324878692627
130 / 137 n_patches: 1014464
divide:0.8391420841217041
131 / 137 n_patches: 1022208
divide:0.8329932689666748
132 / 137 n_patches: 1029952
divide:0.8343925476074219
133 / 137 n_patches: 1037696
divide:0.8392834663391113
134 / 137 n_patches: 1045440
divide:0.8433334827423096
135 / 137 n_patches: 1053184
divide:0.8675968647003174
136 / 137 n_patches: 1060928
patches:	 1060928
Traceback (most recent call last):
  File "tests/test_dataset.py", line 46, in <module>
    92 + 92 / 2 - 24 / 2:92 + 92 / 2 + 24 / 2, :] = l_patch
TypeError: slice indices must be integers or None or have an __index__ method
Traceback (most recent call last):
  File "tests/test_dataset.py", line 35, in <module>
    o_val, dtype=np.uint8).reshape((92, 92, 3))
ValueError: cannot reshape array of size 0 into shape (92,92,3)
Traceback (most recent call last):
  File "tests/test_dataset.py", line 46, in <module>
    92 + 92 / 2 - 24 / 2:92 + 92 / 2 + 24 / 2, :] = l_patch
TypeError: slice indices must be integers or None or have an __index__ method
Traceback (most recent call last):
  File "tests/test_dataset.py", line 46, in <module>
    92 + 92 / 2 - 24 / 2:92 + 92 / 2 + 24 / 2, :] = l_patch
TypeError: slice indices must be integers or None or have an __index__ method
0.23878765106201172 sec (128, 3, 64, 64) (128, 16, 16)
Traceback (most recent call last):
  File "tests/test_transform.py", line 93, in <module>
    :] = l
TypeError: slice indices must be integers or None or have an __index__ method
Traceback (most recent call last):
  File "tests/test_transform.py", line 55, in <module>
    (args.ortho_original_side, args.ortho_original_side, 3))
ValueError: cannot reshape array of size 0 into shape (92,92,3)
0.04673361778259277 sec (128, 3, 64, 64) (128, 16, 16)
Traceback (most recent call last):
  File "tests/test_transform.py", line 93, in <module>
    :] = l
TypeError: slice indices must be integers or None or have an __index__ method
0.04616403579711914 sec (128, 3, 64, 64) (128, 16, 16)
Traceback (most recent call last):
  File "tests/test_transform.py", line 93, in <module>
    :] = l
TypeError: slice indices must be integers or None or have an __index__ method
